<?xml version="1.0" encoding="UTF-8"?>
<coverage generated="1491203470">
  <project timestamp="1491203470">
    <file name="C:\data\projects.it\tools\test-travis\src/Sum.php">
      <class name="Sum" namespace="global">
        <metrics complexity="1" methods="1" coveredmethods="1" conditionals="0" coveredconditionals="0" statements="1" coveredstatements="1" elements="2" coveredelements="2"/>
      </class>
      <line num="4" type="method" name="getSum" visibility="public" complexity="1" crap="1" count="1"/>
      <line num="6" type="stmt" count="1"/>
      <metrics loc="8" ncloc="8" classes="1" methods="1" coveredmethods="1" conditionals="0" coveredconditionals="0" statements="1" coveredstatements="1" elements="2" coveredelements="2"/>
    </file>
    <metrics files="1" loc="8" ncloc="8" classes="1" methods="1" coveredmethods="1" conditionals="0" coveredconditionals="0" statements="1" coveredstatements="1" elements="2" coveredelements="2"/>
  </project>
</coverage>
